<?xml version="1.0" encoding="UTF-8"?>
<!-- Generated by org.testng.reporters.JUnitReportReporter -->
<testsuite hostname="QT-INNO-LT0915" failures="0" tests="1" name="testCases.LoginTestCase1" time="12.446" errors="0" timestamp="01 Nov 2021 19:24:38 GMT" skipped="0">
  <testcase classname="testCases.LoginTestCase1" name="logintesting" time="12.446"/>
</testsuite> <!-- testCases.LoginTestCase1 -->
